# JRE version: Java(TM) SE Runtime Environment (8.0_77-b03) (build 1.8.0_77-b03)
# Java VM: Java HotSpot(TM) 64-Bit Server VM (25.77-b03 mixed mode linux-amd64 compressed oops)
Heap:
 PSYoungGen      total 203264K, used 12898K [0x00000000d5580000, 0x00000000e2a80000, 0x0000000100000000)
  eden space 188416K, 0% used [0x00000000d5580000,0x00000000d5580000,0x00000000e0d80000)
  from space 14848K, 86% used [0x00000000e0d80000,0x00000000e1a18938,0x00000000e1c00000)
  to   space 14848K, 0% used [0x00000000e1c00000,0x00000000e1c00000,0x00000000e2a80000)
 ParOldGen       total 125952K, used 10881K [0x0000000080000000, 0x0000000087b00000, 0x00000000d5580000)
  object space 125952K, 8% used [0x0000000080000000,0x0000000080aa0470,0x0000000087b00000)
 Metaspace       used 38871K, capacity 39420K, committed 39680K, reserved 1083392K
  class space    used 5185K, capacity 5352K, committed 5376K, reserved 1048576K
GC Heap History (10 events):
Event: 1.695 GC heap after
Heap after GC invocations=2 (full 0):
 PSYoungGen      total 54784K, used 7392K [0x00000000d5580000, 0x00000000dc080000, 0x0000000100000000)
  eden space 47104K, 0% used [0x00000000d5580000,0x00000000d5580000,0x00000000d8380000)
  from space 7680K, 96% used [0x00000000d8b00000,0x00000000d92383f8,0x00000000d9280000)
  to   space 7680K, 0% used [0x00000000d8380000,0x00000000d8380000,0x00000000d8b00000)
 ParOldGen       total 125952K, used 16K [0x0000000080000000, 0x0000000087b00000, 0x00000000d5580000)
  object space 125952K, 0% used [0x0000000080000000,0x0000000080004000,0x0000000087b00000)
 Metaspace       used 14119K, capacity 14338K, committed 14592K, reserved 1062912K
  class space    used 1873K, capacity 1955K, committed 2048K, reserved 1048576K
}
Event: 2.471 GC heap before
{Heap before GC invocations=3 (full 0):
 PSYoungGen      total 54784K, used 54496K [0x00000000d5580000, 0x00000000dc080000, 0x0000000100000000)
  eden space 47104K, 100% used [0x00000000d5580000,0x00000000d8380000,0x00000000d8380000)
  from space 7680K, 96% used [0x00000000d8b00000,0x00000000d92383f8,0x00000000d9280000)
  to   space 7680K, 0% used [0x00000000d8380000,0x00000000d8380000,0x00000000d8b00000)
 ParOldGen       total 125952K, used 16K [0x0000000080000000, 0x0000000087b00000, 0x00000000d5580000)
  object space 125952K, 0% used [0x0000000080000000,0x0000000080004000,0x0000000087b00000)
 Metaspace       used 21415K, capacity 21688K, committed 21888K, reserved 1069056K
  class space    used 2711K, capacity 2828K, committed 2944K, reserved 1048576K
Event: 2.479 GC heap after
Heap after GC invocations=3 (full 0):
 PSYoungGen      total 54784K, used 7665K [0x00000000d5580000, 0x00000000dc080000, 0x0000000100000000)
  eden space 47104K, 0% used [0x00000000d5580000,0x00000000d5580000,0x00000000d8380000)
  from space 7680K, 99% used [0x00000000d8380000,0x00000000d8afc650,0x00000000d8b00000)
  to   space 7680K, 0% used [0x00000000db900000,0x00000000db900000,0x00000000dc080000)
 ParOldGen       total 125952K, used 2146K [0x0000000080000000, 0x0000000087b00000, 0x00000000d5580000)
  object space 125952K, 1% used [0x0000000080000000,0x0000000080218a18,0x0000000087b00000)
 Metaspace       used 21415K, capacity 21688K, committed 21888K, reserved 1069056K
  class space    used 2711K, capacity 2828K, committed 2944K, reserved 1048576K
}
Event: 3.960 GC heap before
{Heap before GC invocations=4 (full 0):
 PSYoungGen      total 54784K, used 54769K [0x00000000d5580000, 0x00000000dc080000, 0x0000000100000000)
  eden space 47104K, 100% used [0x00000000d5580000,0x00000000d8380000,0x00000000d8380000)
  from space 7680K, 99% used [0x00000000d8380000,0x00000000d8afc650,0x00000000d8b00000)
  to   space 7680K, 0% used [0x00000000db900000,0x00000000db900000,0x00000000dc080000)
 ParOldGen       total 125952K, used 2146K [0x0000000080000000, 0x0000000087b00000, 0x00000000d5580000)
  object space 125952K, 1% used [0x0000000080000000,0x0000000080218a18,0x0000000087b00000)
 Metaspace       used 28069K, capacity 28368K, committed 28544K, reserved 1075200K
  class space    used 3564K, capacity 3686K, committed 3712K, reserved 1048576K
Event: 3.977 GC heap after
Heap after GC invocations=4 (full 0):
 PSYoungGen      total 101888K, used 7667K [0x00000000d5580000, 0x00000000dc080000, 0x0000000100000000)
  eden space 94208K, 0% used [0x00000000d5580000,0x00000000d5580000,0x00000000db180000)
  from space 7680K, 99% used [0x00000000db900000,0x00000000dc07cc28,0x00000000dc080000)
  to   space 7680K, 0% used [0x00000000db180000,0x00000000db180000,0x00000000db900000)
 ParOldGen       total 125952K, used 4105K [0x0000000080000000, 0x0000000087b00000, 0x00000000d5580000)
  object space 125952K, 3% used [0x0000000080000000,0x0000000080402688,0x0000000087b00000)
 Metaspace       used 28069K, capacity 28368K, committed 28544K, reserved 1075200K
  class space    used 3564K, capacity 3686K, committed 3712K, reserved 1048576K
}
Event: 5.102 GC heap before
{Heap before GC invocations=5 (full 0):
 PSYoungGen      total 101888K, used 101875K [0x00000000d5580000, 0x00000000dc080000, 0x0000000100000000)
  eden space 94208K, 100% used [0x00000000d5580000,0x00000000db180000,0x00000000db180000)
  from space 7680K, 99% used [0x00000000db900000,0x00000000dc07cc28,0x00000000dc080000)
  to   space 7680K, 0% used [0x00000000db180000,0x00000000db180000,0x00000000db900000)
 ParOldGen       total 125952K, used 4105K [0x0000000080000000, 0x0000000087b00000, 0x00000000d5580000)
  object space 125952K, 3% used [0x0000000080000000,0x0000000080402688,0x0000000087b00000)
 Metaspace       used 32658K, capacity 33072K, committed 33280K, reserved 1077248K
  class space    used 4468K, capacity 4608K, committed 4608K, reserved 1048576K
Event: 5.134 GC heap after
Heap after GC invocations=5 (full 0):
 PSYoungGen      total 101888K, used 7664K [0x00000000d5580000, 0x00000000e2a80000, 0x0000000100000000)
  eden space 94208K, 0% used [0x00000000d5580000,0x00000000d5580000,0x00000000db180000)
  from space 7680K, 99% used [0x00000000db180000,0x00000000db8fc168,0x00000000db900000)
  to   space 14848K, 0% used [0x00000000e1c00000,0x00000000e1c00000,0x00000000e2a80000)
 ParOldGen       total 125952K, used 8145K [0x0000000080000000, 0x0000000087b00000, 0x00000000d5580000)
  object space 125952K, 6% used [0x0000000080000000,0x00000000807f4468,0x0000000087b00000)
 Metaspace       used 32658K, capacity 33072K, committed 33280K, reserved 1077248K
  class space    used 4468K, capacity 4608K, committed 4608K, reserved 1048576K
}
Event: 5.678 GC heap before
{Heap before GC invocations=6 (full 0):
 PSYoungGen      total 101888K, used 101872K [0x00000000d5580000, 0x00000000e2a80000, 0x0000000100000000)
  eden space 94208K, 100% used [0x00000000d5580000,0x00000000db180000,0x00000000db180000)
  from space 7680K, 99% used [0x00000000db180000,0x00000000db8fc168,0x00000000db900000)
  to   space 14848K, 0% used [0x00000000e1c00000,0x00000000e1c00000,0x00000000e2a80000)
 ParOldGen       total 125952K, used 8145K [0x0000000080000000, 0x0000000087b00000, 0x00000000d5580000)
  object space 125952K, 6% used [0x0000000080000000,0x00000000807f4468,0x0000000087b00000)
 Metaspace       used 32969K, capacity 33346K, committed 33664K, reserved 1079296K
  class space    used 4499K, capacity 4611K, committed 4736K, reserved 1048576K
Event: 5.695 GC heap after
Heap after GC invocations=6 (full 0):
 PSYoungGen      total 203264K, used 10431K [0x00000000d5580000, 0x00000000e2a80000, 0x0000000100000000)
  eden space 188416K, 0% used [0x00000000d5580000,0x00000000d5580000,0x00000000e0d80000)
  from space 14848K, 70% used [0x00000000e1c00000,0x00000000e262fdc0,0x00000000e2a80000)
  to   space 14848K, 0% used [0x00000000e0d80000,0x00000000e0d80000,0x00000000e1c00000)
 ParOldGen       total 125952K, used 8153K [0x0000000080000000, 0x0000000087b00000, 0x00000000d5580000)
  object space 125952K, 6% used [0x0000000080000000,0x00000000807f6468,0x0000000087b00000)
 Metaspace       used 32969K, capacity 33346K, committed 33664K, reserved 1079296K
  class space    used 4499K, capacity 4611K, committed 4736K, reserved 1048576K
}
Event: 7.709 GC heap before
{Heap before GC invocations=7 (full 0):
 PSYoungGen      total 203264K, used 198847K [0x00000000d5580000, 0x00000000e2a80000, 0x0000000100000000)
  eden space 188416K, 100% used [0x00000000d5580000,0x00000000e0d80000,0x00000000e0d80000)
  from space 14848K, 70% used [0x00000000e1c00000,0x00000000e262fdc0,0x00000000e2a80000)
  to   space 14848K, 0% used [0x00000000e0d80000,0x00000000e0d80000,0x00000000e1c00000)
 ParOldGen       total 125952K, used 8153K [0x0000000080000000, 0x0000000087b00000, 0x00000000d5580000)
  object space 125952K, 6% used [0x0000000080000000,0x00000000807f6468,0x0000000087b00000)
 Metaspace       used 38871K, capacity 39420K, committed 39680K, reserved 1083392K
  class space    used 5185K, capacity 5352K, committed 5376K, reserved 1048576K

