# JRE version: Java(TM) SE Runtime Environment (8.0_77-b03) (build 1.8.0_77-b03)
# Java VM: Java HotSpot(TM) 64-Bit Server VM (25.77-b03 mixed mode linux-amd64 compressed oops)
Heap:
 PSYoungGen      total 868864K, used 0K [0x0000000782f80000, 0x00000007c0000000, 0x00000007c0000000)
  eden space 737792K, 0% used [0x0000000782f80000,0x0000000782f80000,0x00000007b0000000)
  from space 131072K, 0% used [0x00000007b0000000,0x00000007b0000000,0x00000007b8000000)
  to   space 131072K, 0% used [0x00000007b8000000,0x00000007b8000000,0x00000007c0000000)
 ParOldGen       total 503808K, used 273103K [0x0000000708e00000, 0x0000000727a00000, 0x0000000782f80000)
  object space 503808K, 54% used [0x0000000708e00000,0x00000007198b3e48,0x0000000727a00000)
 Metaspace       used 71703K, capacity 75728K, committed 77952K, reserved 1116160K
  class space    used 9726K, capacity 10753K, committed 11136K, reserved 1048576K
GC Heap History (10 events):
Event: 55.245 GC heap after
Heap after GC invocations=21 (full 4):
 PSYoungGen      total 769536K, used 69527K [0x0000000782f80000, 0x00000007bee00000, 0x00000007c0000000)
  eden space 657920K, 0% used [0x0000000782f80000,0x0000000782f80000,0x00000007ab200000)
  from space 111616K, 62% used [0x00000007ab200000,0x00000007af5e5c28,0x00000007b1f00000)
  to   space 114176K, 0% used [0x00000007b7e80000,0x00000007b7e80000,0x00000007bee00000)
 ParOldGen       total 478720K, used 364342K [0x0000000708e00000, 0x0000000726180000, 0x0000000782f80000)
  object space 478720K, 76% used [0x0000000708e00000,0x000000071f1cda90,0x0000000726180000)
 Metaspace       used 70690K, capacity 74708K, committed 75136K, reserved 1114112K
  class space    used 9732K, capacity 10807K, committed 10880K, reserved 1048576K
}
Event: 64.809 GC heap before
{Heap before GC invocations=22 (full 4):
 PSYoungGen      total 769536K, used 727447K [0x0000000782f80000, 0x00000007bee00000, 0x00000007c0000000)
  eden space 657920K, 100% used [0x0000000782f80000,0x00000007ab200000,0x00000007ab200000)
  from space 111616K, 62% used [0x00000007ab200000,0x00000007af5e5c28,0x00000007b1f00000)
  to   space 114176K, 0% used [0x00000007b7e80000,0x00000007b7e80000,0x00000007bee00000)
 ParOldGen       total 478720K, used 364342K [0x0000000708e00000, 0x0000000726180000, 0x0000000782f80000)
  object space 478720K, 76% used [0x0000000708e00000,0x000000071f1cda90,0x0000000726180000)
 Metaspace       used 71985K, capacity 76166K, committed 76544K, reserved 1114112K
  class space    used 9842K, capacity 10906K, committed 11008K, reserved 1048576K
Event: 65.102 GC heap after
Heap after GC invocations=22 (full 4):
 PSYoungGen      total 859648K, used 85499K [0x0000000782f80000, 0x00000007bfc80000, 0x00000007c0000000)
  eden space 745472K, 0% used [0x0000000782f80000,0x0000000782f80000,0x00000007b0780000)
  from space 114176K, 74% used [0x00000007b7e80000,0x00000007bd1feff8,0x00000007bee00000)
  to   space 121856K, 0% used [0x00000007b0780000,0x00000007b0780000,0x00000007b7e80000)
 ParOldGen       total 478720K, used 364350K [0x0000000708e00000, 0x0000000726180000, 0x0000000782f80000)
  object space 478720K, 76% used [0x0000000708e00000,0x000000071f1cfa90,0x0000000726180000)
 Metaspace       used 71985K, capacity 76166K, committed 76544K, reserved 1114112K
  class space    used 9842K, capacity 10906K, committed 11008K, reserved 1048576K
}
Event: 69.306 GC heap before
{Heap before GC invocations=23 (full 4):
 PSYoungGen      total 859648K, used 830971K [0x0000000782f80000, 0x00000007bfc80000, 0x00000007c0000000)
  eden space 745472K, 100% used [0x0000000782f80000,0x00000007b0780000,0x00000007b0780000)
  from space 114176K, 74% used [0x00000007b7e80000,0x00000007bd1feff8,0x00000007bee00000)
  to   space 121856K, 0% used [0x00000007b0780000,0x00000007b0780000,0x00000007b7e80000)
 ParOldGen       total 478720K, used 364350K [0x0000000708e00000, 0x0000000726180000, 0x0000000782f80000)
  object space 478720K, 76% used [0x0000000708e00000,0x000000071f1cfa90,0x0000000726180000)
 Metaspace       used 72415K, capacity 76578K, committed 76800K, reserved 1116160K
  class space    used 9877K, capacity 10952K, committed 11008K, reserved 1048576K
Event: 69.407 GC heap after
Heap after GC invocations=23 (full 4):
 PSYoungGen      total 867328K, used 78020K [0x0000000782f80000, 0x00000007c0000000, 0x00000007c0000000)
  eden space 745472K, 0% used [0x0000000782f80000,0x0000000782f80000,0x00000007b0780000)
  from space 121856K, 64% used [0x00000007b0780000,0x00000007b53b1228,0x00000007b7e80000)
  to   space 124416K, 0% used [0x00000007b8680000,0x00000007b8680000,0x00000007c0000000)
 ParOldGen       total 478720K, used 364358K [0x0000000708e00000, 0x0000000726180000, 0x0000000782f80000)
  object space 478720K, 76% used [0x0000000708e00000,0x000000071f1d1a90,0x0000000726180000)
 Metaspace       used 72415K, capacity 76578K, committed 76800K, reserved 1116160K
  class space    used 9877K, capacity 10952K, committed 11008K, reserved 1048576K
}
Event: 74.810 GC heap before
{Heap before GC invocations=24 (full 4):
 PSYoungGen      total 867328K, used 823492K [0x0000000782f80000, 0x00000007c0000000, 0x00000007c0000000)
  eden space 745472K, 100% used [0x0000000782f80000,0x00000007b0780000,0x00000007b0780000)
  from space 121856K, 64% used [0x00000007b0780000,0x00000007b53b1228,0x00000007b7e80000)
  to   space 124416K, 0% used [0x00000007b8680000,0x00000007b8680000,0x00000007c0000000)
 ParOldGen       total 478720K, used 364358K [0x0000000708e00000, 0x0000000726180000, 0x0000000782f80000)
  object space 478720K, 76% used [0x0000000708e00000,0x000000071f1d1a90,0x0000000726180000)
 Metaspace       used 72990K, capacity 77194K, committed 77568K, reserved 1116160K
  class space    used 9921K, capacity 11000K, committed 11008K, reserved 1048576K
Event: 75.028 GC heap after
Heap after GC invocations=24 (full 4):
 PSYoungGen      total 862208K, used 90688K [0x0000000782f80000, 0x00000007c0000000, 0x00000007c0000000)
  eden space 737792K, 0% used [0x0000000782f80000,0x0000000782f80000,0x00000007b0000000)
  from space 124416K, 72% used [0x00000007b8680000,0x00000007bdf10030,0x00000007c0000000)
  to   space 131072K, 0% used [0x00000007b0000000,0x00000007b0000000,0x00000007b8000000)
 ParOldGen       total 478720K, used 364366K [0x0000000708e00000, 0x0000000726180000, 0x0000000782f80000)
  object space 478720K, 76% used [0x0000000708e00000,0x000000071f1d3a90,0x0000000726180000)
 Metaspace       used 72990K, capacity 77194K, committed 77568K, reserved 1116160K
  class space    used 9921K, capacity 11000K, committed 11008K, reserved 1048576K
}
Event: 82.662 GC heap before
{Heap before GC invocations=25 (full 4):
 PSYoungGen      total 862208K, used 828480K [0x0000000782f80000, 0x00000007c0000000, 0x00000007c0000000)
  eden space 737792K, 100% used [0x0000000782f80000,0x00000007b0000000,0x00000007b0000000)
  from space 124416K, 72% used [0x00000007b8680000,0x00000007bdf10030,0x00000007c0000000)
  to   space 131072K, 0% used [0x00000007b0000000,0x00000007b0000000,0x00000007b8000000)
 ParOldGen       total 478720K, used 364366K [0x0000000708e00000, 0x0000000726180000, 0x0000000782f80000)
  object space 478720K, 76% used [0x0000000708e00000,0x000000071f1d3a90,0x0000000726180000)
 Metaspace       used 73357K, capacity 77634K, committed 77952K, reserved 1116160K
  class space    used 9951K, capacity 11040K, committed 11136K, reserved 1048576K
Event: 83.289 GC heap after
Heap after GC invocations=25 (full 4):
 PSYoungGen      total 868864K, used 131054K [0x0000000782f80000, 0x00000007c0000000, 0x00000007c0000000)
  eden space 737792K, 0% used [0x0000000782f80000,0x0000000782f80000,0x00000007b0000000)
  from space 131072K, 99% used [0x00000007b0000000,0x00000007b7ffb9a0,0x00000007b8000000)
  to   space 131072K, 0% used [0x00000007b8000000,0x00000007b8000000,0x00000007c0000000)
 ParOldGen       total 503808K, used 503331K [0x0000000708e00000, 0x0000000727a00000, 0x0000000782f80000)
  object space 503808K, 99% used [0x0000000708e00000,0x0000000727988f10,0x0000000727a00000)
 Metaspace       used 73357K, capacity 77634K, committed 77952K, reserved 1116160K
  class space    used 9951K, capacity 11040K, committed 11136K, reserved 1048576K
}
Event: 88.867 GC heap before
{Heap before GC invocations=26 (full 5):
 PSYoungGen      total 868864K, used 131054K [0x0000000782f80000, 0x00000007c0000000, 0x00000007c0000000)
  eden space 737792K, 0% used [0x0000000782f80000,0x0000000782f80000,0x00000007b0000000)
  from space 131072K, 99% used [0x00000007b0000000,0x00000007b7ffb9a0,0x00000007b8000000)
  to   space 131072K, 0% used [0x00000007b8000000,0x00000007b8000000,0x00000007c0000000)
 ParOldGen       total 503808K, used 503331K [0x0000000708e00000, 0x0000000727a00000, 0x0000000782f80000)
  object space 503808K, 99% used [0x0000000708e00000,0x0000000727988f10,0x0000000727a00000)
 Metaspace       used 73357K, capacity 77634K, committed 77952K, reserved 1116160K
  class space    used 9951K, capacity 11040K, committed 11136K, reserved 1048576K

