# JRE version: Java(TM) SE Runtime Environment (8.0_77-b03) (build 1.8.0_77-b03)
# Java VM: Java HotSpot(TM) 64-Bit Server VM (25.77-b03 mixed mode linux-amd64 compressed oops)
Heap:
 PSYoungGen      total 931840K, used 254076K [0x000000076ab00000, 0x00000007c0000000, 0x00000007c0000000)
  eden space 465920K, 0% used [0x000000076ab00000,0x000000076ab00000,0x0000000787200000)
  from space 465920K, 54% used [0x00000007a3900000,0x00000007b311f2a8,0x00000007c0000000)
  to   space 465920K, 0% used [0x0000000787200000,0x0000000787200000,0x00000007a3900000)
 ParOldGen       total 1238016K, used 1237584K [0x00000006c0000000, 0x000000070b900000, 0x000000076ab00000)
  object space 1238016K, 99% used [0x00000006c0000000,0x000000070b8943d8,0x000000070b900000)
 Metaspace       used 108518K, capacity 120715K, committed 123136K, reserved 1155072K
  class space    used 15580K, capacity 17930K, committed 18176K, reserved 1048576K
GC Heap History (10 events):
Event: 217.014 GC heap after
Heap after GC invocations=99 (full 4):
 PSYoungGen      total 931840K, used 465896K [0x000000076ab00000, 0x00000007c0000000, 0x00000007c0000000)
  eden space 465920K, 0% used [0x000000076ab00000,0x000000076ab00000,0x0000000787200000)
  from space 465920K, 99% used [0x0000000787200000,0x00000007a38fa070,0x00000007a3900000)
  to   space 465920K, 0% used [0x00000007a3900000,0x00000007a3900000,0x00000007c0000000)
 ParOldGen       total 887296K, used 816900K [0x00000006c0000000, 0x00000006f6280000, 0x000000076ab00000)
  object space 887296K, 92% used [0x00000006c0000000,0x00000006f1dc1280,0x00000006f6280000)
 Metaspace       used 104282K, capacity 115795K, committed 118272K, reserved 1150976K
  class space    used 14773K, capacity 16946K, committed 17152K, reserved 1048576K
}
Event: 217.014 GC heap before
{Heap before GC invocations=100 (full 5):
 PSYoungGen      total 931840K, used 465896K [0x000000076ab00000, 0x00000007c0000000, 0x00000007c0000000)
  eden space 465920K, 0% used [0x000000076ab00000,0x000000076ab00000,0x0000000787200000)
  from space 465920K, 99% used [0x0000000787200000,0x00000007a38fa070,0x00000007a3900000)
  to   space 465920K, 0% used [0x00000007a3900000,0x00000007a3900000,0x00000007c0000000)
 ParOldGen       total 887296K, used 816900K [0x00000006c0000000, 0x00000006f6280000, 0x000000076ab00000)
  object space 887296K, 92% used [0x00000006c0000000,0x00000006f1dc1280,0x00000006f6280000)
 Metaspace       used 104282K, capacity 115795K, committed 118272K, reserved 1150976K
  class space    used 14773K, capacity 16946K, committed 17152K, reserved 1048576K
Event: 220.372 GC heap after
Heap after GC invocations=100 (full 5):
 PSYoungGen      total 931840K, used 368142K [0x000000076ab00000, 0x00000007c0000000, 0x00000007c0000000)
  eden space 465920K, 0% used [0x000000076ab00000,0x000000076ab00000,0x0000000787200000)
  from space 465920K, 79% used [0x0000000787200000,0x000000079d983ba0,0x00000007a3900000)
  to   space 465920K, 0% used [0x00000007a3900000,0x00000007a3900000,0x00000007c0000000)
 ParOldGen       total 1238016K, used 886836K [0x00000006c0000000, 0x000000070b900000, 0x000000076ab00000)
  object space 1238016K, 71% used [0x00000006c0000000,0x00000006f620d1e8,0x000000070b900000)
 Metaspace       used 104282K, capacity 115795K, committed 118272K, reserved 1150976K
  class space    used 14773K, capacity 16946K, committed 17152K, reserved 1048576K
}
Event: 221.639 GC heap before
{Heap before GC invocations=101 (full 5):
 PSYoungGen      total 931840K, used 834062K [0x000000076ab00000, 0x00000007c0000000, 0x00000007c0000000)
  eden space 465920K, 100% used [0x000000076ab00000,0x0000000787200000,0x0000000787200000)
  from space 465920K, 79% used [0x0000000787200000,0x000000079d983ba0,0x00000007a3900000)
  to   space 465920K, 0% used [0x00000007a3900000,0x00000007a3900000,0x00000007c0000000)
 ParOldGen       total 1238016K, used 886836K [0x00000006c0000000, 0x000000070b900000, 0x000000076ab00000)
  object space 1238016K, 71% used [0x00000006c0000000,0x00000006f620d1e8,0x000000070b900000)
 Metaspace       used 105694K, capacity 117435K, committed 119936K, reserved 1150976K
  class space    used 15042K, capacity 17274K, committed 17536K, reserved 1048576K
Event: 222.295 GC heap after
Heap after GC invocations=101 (full 5):
 PSYoungGen      total 931840K, used 404580K [0x000000076ab00000, 0x00000007c0000000, 0x00000007c0000000)
  eden space 465920K, 0% used [0x000000076ab00000,0x000000076ab00000,0x0000000787200000)
  from space 465920K, 86% used [0x00000007a3900000,0x00000007bc4191f0,0x00000007c0000000)
  to   space 465920K, 0% used [0x0000000787200000,0x0000000787200000,0x00000007a3900000)
 ParOldGen       total 1238016K, used 936628K [0x00000006c0000000, 0x000000070b900000, 0x000000076ab00000)
  object space 1238016K, 75% used [0x00000006c0000000,0x00000006f92ad1e8,0x000000070b900000)
 Metaspace       used 105694K, capacity 117435K, committed 119936K, reserved 1150976K
  class space    used 15042K, capacity 17274K, committed 17536K, reserved 1048576K
}
Event: 223.519 GC heap before
{Heap before GC invocations=102 (full 5):
 PSYoungGen      total 931840K, used 870500K [0x000000076ab00000, 0x00000007c0000000, 0x00000007c0000000)
  eden space 465920K, 100% used [0x000000076ab00000,0x0000000787200000,0x0000000787200000)
  from space 465920K, 86% used [0x00000007a3900000,0x00000007bc4191f0,0x00000007c0000000)
  to   space 465920K, 0% used [0x0000000787200000,0x0000000787200000,0x00000007a3900000)
 ParOldGen       total 1238016K, used 936628K [0x00000006c0000000, 0x000000070b900000, 0x000000076ab00000)
  object space 1238016K, 75% used [0x00000006c0000000,0x00000006f92ad1e8,0x000000070b900000)
 Metaspace       used 107106K, capacity 119075K, committed 121600K, reserved 1153024K
  class space    used 15311K, capacity 17602K, committed 17920K, reserved 1048576K
Event: 224.174 GC heap after
Heap after GC invocations=102 (full 5):
 PSYoungGen      total 931840K, used 358494K [0x000000076ab00000, 0x00000007c0000000, 0x00000007c0000000)
  eden space 465920K, 0% used [0x000000076ab00000,0x000000076ab00000,0x0000000787200000)
  from space 465920K, 76% used [0x0000000787200000,0x000000079d017bf0,0x00000007a3900000)
  to   space 465920K, 0% used [0x00000007a3900000,0x00000007a3900000,0x00000007c0000000)
 ParOldGen       total 1238016K, used 1062260K [0x00000006c0000000, 0x000000070b900000, 0x000000076ab00000)
  object space 1238016K, 85% used [0x00000006c0000000,0x0000000700d5d1e8,0x000000070b900000)
 Metaspace       used 107106K, capacity 119075K, committed 121600K, reserved 1153024K
  class space    used 15311K, capacity 17602K, committed 17920K, reserved 1048576K
}
Event: 225.377 GC heap before
{Heap before GC invocations=103 (full 5):
 PSYoungGen      total 931840K, used 824414K [0x000000076ab00000, 0x00000007c0000000, 0x00000007c0000000)
  eden space 465920K, 100% used [0x000000076ab00000,0x0000000787200000,0x0000000787200000)
  from space 465920K, 76% used [0x0000000787200000,0x000000079d017bf0,0x00000007a3900000)
  to   space 465920K, 0% used [0x00000007a3900000,0x00000007a3900000,0x00000007c0000000)
 ParOldGen       total 1238016K, used 1062260K [0x00000006c0000000, 0x000000070b900000, 0x000000076ab00000)
  object space 1238016K, 85% used [0x00000006c0000000,0x0000000700d5d1e8,0x000000070b900000)
 Metaspace       used 108518K, capacity 120715K, committed 123136K, reserved 1155072K
  class space    used 15580K, capacity 17930K, committed 18176K, reserved 1048576K
Event: 225.983 GC heap after
Heap after GC invocations=103 (full 5):
 PSYoungGen      total 931840K, used 322718K [0x000000076ab00000, 0x00000007c0000000, 0x00000007c0000000)
  eden space 465920K, 0% used [0x000000076ab00000,0x000000076ab00000,0x0000000787200000)
  from space 465920K, 69% used [0x00000007a3900000,0x00000007b7427bf0,0x00000007c0000000)
  to   space 465920K, 0% used [0x0000000787200000,0x0000000787200000,0x00000007a3900000)
 ParOldGen       total 1238016K, used 1177524K [0x00000006c0000000, 0x000000070b900000, 0x000000076ab00000)
  object space 1238016K, 95% used [0x00000006c0000000,0x0000000707ded1e8,0x000000070b900000)
 Metaspace       used 108518K, capacity 120715K, committed 123136K, reserved 1155072K
  class space    used 15580K, capacity 17930K, committed 18176K, reserved 1048576K
}
Event: 225.983 GC heap before
{Heap before GC invocations=104 (full 6):
 PSYoungGen      total 931840K, used 322718K [0x000000076ab00000, 0x00000007c0000000, 0x00000007c0000000)
  eden space 465920K, 0% used [0x000000076ab00000,0x000000076ab00000,0x0000000787200000)
  from space 465920K, 69% used [0x00000007a3900000,0x00000007b7427bf0,0x00000007c0000000)
  to   space 465920K, 0% used [0x0000000787200000,0x0000000787200000,0x00000007a3900000)
 ParOldGen       total 1238016K, used 1177524K [0x00000006c0000000, 0x000000070b900000, 0x000000076ab00000)
  object space 1238016K, 95% used [0x00000006c0000000,0x0000000707ded1e8,0x000000070b900000)
 Metaspace       used 108518K, capacity 120715K, committed 123136K, reserved 1155072K
  class space    used 15580K, capacity 17930K, committed 18176K, reserved 1048576K

